ParseStarterProject/build/outputs/logs/manifest-merger-debug-report.txt
-- Merging decision tree log ---
manifest
ADDED from src\main\AndroidManifest.xml:10:1-114:12
	package
		ADDED from src\main\AndroidManifest.xml:11:5-33
		INJECTED from src\main\AndroidManifest.xml
		INJECTED from src\main\AndroidManifest.xml
	android:versionName
		INJECTED from src\main\AndroidManifest.xml
		INJECTED from src\main\AndroidManifest.xml
	xmlns:android
		ADDED from src\main\AndroidManifest.xml:10:11-69
	android:versionCode
		INJECTED from src\main\AndroidManifest.xml
		INJECTED from src\main\AndroidManifest.xml
uses-permission#android.permission.INTERNET
ADDED from src\main\AndroidManifest.xml:13:5-67
	android:name
		ADDED from src\main\AndroidManifest.xml:13:22-64
uses-permission#android.permission.ACCESS_NETWORK_STATE
ADDED from src\main\AndroidManifest.xml:14:5-79
	android:name
		ADDED from src\main\AndroidManifest.xml:14:22-76
application
ADDED from src\main\AndroidManifest.xml:16:5-112:19
MERGED from [com.android.support:design:23.1.1] AndroidManifest.xml:22:5-20
MERGED from [com.android.support:appcompat-v7:23.1.1] AndroidManifest.xml:22:5-20
MERGED from [com.android.support:support-v4:23.1.1] AndroidManifest.xml:22:5-20
MERGED from [com.android.support:cardview-v7:23.1.1] AndroidManifest.xml:22:5-20
	android:label
		ADDED from src\main\AndroidManifest.xml:20:9-41
	android:allowBackup
		ADDED from src\main\AndroidManifest.xml:18:9-35
	android:icon
		ADDED from src\main\AndroidManifest.xml:19:9-43
	android:theme
		ADDED from src\main\AndroidManifest.xml:21:9-40
	android:name
		ADDED from src\main\AndroidManifest.xml:17:9-61
meta-data#com.parse.APPLICATION_ID
ADDED from src\main\AndroidManifest.xml:22:9-24:52
	android:value
		ADDED from src\main\AndroidManifest.xml:24:13-49
	android:name
		ADDED from src\main\AndroidManifest.xml:23:13-52
meta-data#com.parse.CLIENT_KEY
ADDED from src\main\AndroidManifest.xml:25:9-27:56
	android:value
		ADDED from src\main\AndroidManifest.xml:27:13-53
	android:name
		ADDED from src\main\AndroidManifest.xml:26:13-48
activity#com.parse.starter1.SplashScreen
ADDED from src\main\AndroidManifest.xml:29:9-35:20
	android:name
		ADDED from src\main\AndroidManifest.xml:30:13-59
intent-filter#android.intent.action.MAIN+android.intent.category.LAUNCHER
ADDED from src\main\AndroidManifest.xml:31:13-34:29
action#android.intent.action.MAIN
ADDED from src\main\AndroidManifest.xml:32:17-69
	android:name
		ADDED from src\main\AndroidManifest.xml:32:25-66
category#android.intent.category.LAUNCHER
ADDED from src\main\AndroidManifest.xml:33:17-77
	android:name
		ADDED from src\main\AndroidManifest.xml:33:27-74
activity#com.parse.starter1.ChooseLoginOrSignUp
ADDED from src\main\AndroidManifest.xml:37:9-39:20
	android:name
		ADDED from src\main\AndroidManifest.xml:38:13-66
activity#com.parse.starter1.SignUp
ADDED from src\main\AndroidManifest.xml:41:9-43:20
	android:name
		ADDED from src\main\AndroidManifest.xml:42:13-53
activity#com.parse.starter1.Login
ADDED from src\main\AndroidManifest.xml:45:9-47:20
	android:name
		ADDED from src\main\AndroidManifest.xml:46:13-52
activity#com.parse.starter1.MainActivity
ADDED from src\main\AndroidManifest.xml:49:9-52:20
	android:label
		ADDED from src\main\AndroidManifest.xml:50:13-45
	android:name
		ADDED from src\main\AndroidManifest.xml:51:13-59
activity#com.parse.starter1.ActivityItemDetails
ADDED from src\main\AndroidManifest.xml:54:9-61:20
	android:label
		ADDED from src\main\AndroidManifest.xml:55:13-41
	android:parentActivityName
		ADDED from src\main\AndroidManifest.xml:57:13-73
	android:name
		ADDED from src\main\AndroidManifest.xml:56:13-66
meta-data#android.support.PARENT_ACTIVITY
ADDED from src\main\AndroidManifest.xml:58:13-60:67
	android:value
		ADDED from src\main\AndroidManifest.xml:60:17-64
	android:name
		ADDED from src\main\AndroidManifest.xml:59:17-63
activity#com.parse.starter1.MyAccount
ADDED from src\main\AndroidManifest.xml:63:9-69:20
	android:parentActivityName
		ADDED from src\main\AndroidManifest.xml:65:13-73
	android:name
		ADDED from src\main\AndroidManifest.xml:64:13-56
activity#com.parse.starter1.Notifications
ADDED from src\main\AndroidManifest.xml:71:9-77:20
	android:parentActivityName
		ADDED from src\main\AndroidManifest.xml:73:13-73
	android:name
		ADDED from src\main\AndroidManifest.xml:72:13-60
activity#com.parse.starter1.Subscribe
ADDED from src\main\AndroidManifest.xml:79:9-85:20
	android:parentActivityName
		ADDED from src\main\AndroidManifest.xml:81:13-73
	android:name
		ADDED from src\main\AndroidManifest.xml:80:13-56
activity#com.parse.starter1.EditMyAccount
ADDED from src\main\AndroidManifest.xml:87:9-93:20
	android:parentActivityName
		ADDED from src\main\AndroidManifest.xml:89:13-70
	android:name
		ADDED from src\main\AndroidManifest.xml:88:13-60
activity#com.parse.starter1.BuyNowSelectAddress
ADDED from src\main\AndroidManifest.xml:95:9-102:20
	android:label
		ADDED from src\main\AndroidManifest.xml:96:13-47
	android:parentActivityName
		ADDED from src\main\AndroidManifest.xml:98:13-80
	android:name
		ADDED from src\main\AndroidManifest.xml:97:13-66
activity#com.parse.starter1.PlaceOrder
ADDED from src\main\AndroidManifest.xml:104:9-110:20
	android:parentActivityName
		ADDED from src\main\AndroidManifest.xml:106:13-80
	android:name
		ADDED from src\main\AndroidManifest.xml:105:13-57
uses-sdk
INJECTED from src\main\AndroidManifest.xml reason: use-sdk injection requested
MERGED from [com.android.support:design:23.1.1] AndroidManifest.xml:20:5-43
MERGED from [com.android.support:appcompat-v7:23.1.1] AndroidManifest.xml:20:5-43
MERGED from [com.android.support:support-v4:23.1.1] AndroidManifest.xml:20:5-43
MERGED from [com.android.support:recyclerview-v7:23.1.1] AndroidManifest.xml:20:5-43
MERGED from [com.android.support:cardview-v7:23.1.1] AndroidManifest.xml:20:5-43
MERGED from [com.github.ivbaranov:materialfavoritebutton:0.1.2] AndroidManifest.xml:7:5-9:41
	android:targetSdkVersion
		INJECTED from src\main\AndroidManifest.xml
		INJECTED from src\main\AndroidManifest.xml
	android:minSdkVersion
		INJECTED from src\main\AndroidManifest.xml
		INJECTED from src\main\AndroidManifest.xml